mode: set
_/home/krish/Desktop/workspace/playground/fsm/fsm.go:50.39,50.61 1 1
_/home/krish/Desktop/workspace/playground/fsm/fsm.go:53.37,53.57 1 1
_/home/krish/Desktop/workspace/playground/fsm/fsm.go:56.37,58.2 1 1
_/home/krish/Desktop/workspace/playground/fsm/fsm.go:81.40,89.42 6 1
_/home/krish/Desktop/workspace/playground/fsm/fsm.go:99.2,100.35 2 1
_/home/krish/Desktop/workspace/playground/fsm/fsm.go:111.2,112.35 2 1
_/home/krish/Desktop/workspace/playground/fsm/fsm.go:118.2,118.22 1 1
_/home/krish/Desktop/workspace/playground/fsm/fsm.go:123.2,125.42 3 1
_/home/krish/Desktop/workspace/playground/fsm/fsm.go:135.2,135.17 1 1
_/home/krish/Desktop/workspace/playground/fsm/fsm.go:89.42,90.52 1 1
_/home/krish/Desktop/workspace/playground/fsm/fsm.go:90.52,93.4 2 1
_/home/krish/Desktop/workspace/playground/fsm/fsm.go:93.4,95.4 1 0
_/home/krish/Desktop/workspace/playground/fsm/fsm.go:100.35,101.29 1 1
_/home/krish/Desktop/workspace/playground/fsm/fsm.go:101.29,102.24 1 1
_/home/krish/Desktop/workspace/playground/fsm/fsm.go:102.24,104.5 1 1
_/home/krish/Desktop/workspace/playground/fsm/fsm.go:104.5,106.5 1 0
_/home/krish/Desktop/workspace/playground/fsm/fsm.go:112.35,113.27 1 1
_/home/krish/Desktop/workspace/playground/fsm/fsm.go:113.27,115.9 2 1
_/home/krish/Desktop/workspace/playground/fsm/fsm.go:118.22,120.3 1 0
_/home/krish/Desktop/workspace/playground/fsm/fsm.go:125.42,127.28 1 1
_/home/krish/Desktop/workspace/playground/fsm/fsm.go:127.28,130.4 2 1
_/home/krish/Desktop/workspace/playground/fsm/fsm.go:130.4,132.4 1 0
_/home/krish/Desktop/workspace/playground/fsm/fsm.go:138.38,138.59 1 0
_/home/krish/Desktop/workspace/playground/fsm/fsm.go:140.38,140.59 1 0
_/home/krish/Desktop/workspace/playground/fsm/fsm.go:142.42,142.69 1 0
_/home/krish/Desktop/workspace/playground/fsm/fsm.go:144.34,144.53 1 0
_/home/krish/Desktop/workspace/playground/fsm/fsm.go:147.41,148.33 1 1
_/home/krish/Desktop/workspace/playground/fsm/fsm.go:153.2,153.13 1 1
_/home/krish/Desktop/workspace/playground/fsm/fsm.go:148.33,149.34 1 1
_/home/krish/Desktop/workspace/playground/fsm/fsm.go:149.34,151.4 1 0
_/home/krish/Desktop/workspace/playground/fsm/fsm.go:157.41,158.33 1 1
_/home/krish/Desktop/workspace/playground/fsm/fsm.go:164.2,164.13 1 1
_/home/krish/Desktop/workspace/playground/fsm/fsm.go:158.33,160.34 1 1
_/home/krish/Desktop/workspace/playground/fsm/fsm.go:160.34,162.4 1 0
_/home/krish/Desktop/workspace/playground/fsm/fsm.go:170.47,171.35 1 1
_/home/krish/Desktop/workspace/playground/fsm/fsm.go:176.2,176.14 1 0
_/home/krish/Desktop/workspace/playground/fsm/fsm.go:171.35,172.34 1 1
_/home/krish/Desktop/workspace/playground/fsm/fsm.go:172.34,174.4 1 1
_/home/krish/Desktop/workspace/playground/fsm/fsm.go:181.45,183.25 1 1
_/home/krish/Desktop/workspace/playground/fsm/fsm.go:186.2,186.14 1 1
_/home/krish/Desktop/workspace/playground/fsm/fsm.go:183.25,185.3 1 1
_/home/krish/Desktop/workspace/playground/fsm/fsm.go:191.31,192.35 1 1
_/home/krish/Desktop/workspace/playground/fsm/fsm.go:198.2,198.19 1 0
_/home/krish/Desktop/workspace/playground/fsm/fsm.go:192.35,193.29 1 1
_/home/krish/Desktop/workspace/playground/fsm/fsm.go:193.29,196.4 2 1
_/home/krish/Desktop/workspace/playground/fsm/fsm.go:204.38,205.26 1 1
_/home/krish/Desktop/workspace/playground/fsm/fsm.go:209.2,211.44 3 1
_/home/krish/Desktop/workspace/playground/fsm/fsm.go:215.2,215.28 1 0
_/home/krish/Desktop/workspace/playground/fsm/fsm.go:205.26,207.3 1 1
_/home/krish/Desktop/workspace/playground/fsm/fsm.go:211.44,214.3 2 1
